Arguments: 
  /usr/local/Cellar/node/6.2.0/bin/node /usr/local/bin/yarn add react react-dom

PATH: 
  /Users/shawn/soft/apache-maven-3.5.2/bin:/usr/local/bin:/usr/bin:/bin:/usr/sbin:/sbin:/usr/local/share/dotnet:/Library/Frameworks/Mono.framework/Versions/Current/Commands:/Users/shawn/soft/apache-maven-3.5.2/bin:/Users/shawn/soft/tomcat/tomcat7/bin:/Users/shawn/soft/tomcat/tomcat7/bin

Yarn version: 
  1.9.4

Node version: 
  7.10.0

Platform: 
  darwin x64

Trace: 
  Error: http://r.cnpmjs.org/extract-text-webpack-plugin/download/extract-text-webpack-plugin-3.0.0.tgz: ETIMEDOUT
      at Timeout._onTimeout (/usr/local/lib/node_modules/yarn/lib/cli.js:138128:19)
      at ontimeout (timers.js:386:14)
      at tryOnTimeout (timers.js:250:5)
      at Timer.listOnTimeout (timers.js:214:5)

npm manifest: 
  {
    "name": "create-react-app",
    "version": "2.0.0",
    "private": true,
    "dependencies": {
      "antd-mobile": "^2.0.0",
      "react-scripts": "1.0.13"
    },
    "scripts": {
      "start": "react-app-rewired start",
      "build": "react-app-rewired build",
      "test": "react-app-rewired test --env=jsdom",
      "eject": "react-scripts eject"
    },
    "devDependencies": {
      "babel-plugin-import": "^1.2.0",
      "less": "^2.7.3",
      "less-loader": "^4.0.5",
      "react-app-rewired": "^1.2.9"
    }
  }

yarn manifest: 
  No manifest

Lockfile: 
  No lockfile
